<?xml version="1.0" encoding="UTF-8"?>
<!-- Generated by org.testng.reporters.JUnitReportReporter -->
<testsuite hostname="DESKTOP-8VVGM8J" failures="0" tests="2" name="com.test.TestNGBasics" time="0.007" errors="0" timestamp="2023-08-22T13:27:14 IST" skipped="0">
  <testcase classname="com.test.TestNGBasics" name="googleTitleTest" time="0.006"/>
  <testcase classname="com.test.TestNGBasics" name="searchTest" time="0.001"/>
</testsuite> <!-- com.test.TestNGBasics -->
