<?xml version="1.0" encoding="UTF-8"?>
<!-- Generated by org.testng.reporters.JUnitReportReporter -->
<testsuite hostname="DESKTOP-8VVGM8J" failures="0" tests="6" name="com.test.GoogleTest" time="32.518" errors="0" timestamp="2023-08-22T15:39:47 IST" skipped="0">
  <testcase classname="com.test.GoogleTest" name="googleTitleTest" time="5.158"/>
  <testcase classname="com.test.GoogleTest" name="googleLogoTest" time="5.028"/>
  <testcase classname="com.test.GoogleTest" name="mailLinkTest" time="5.210"/>
  <testcase classname="com.test.GoogleTest" name="test4" time="5.823"/>
  <testcase classname="com.test.GoogleTest" name="test5" time="5.490"/>
  <testcase classname="com.test.GoogleTest" name="test6" time="5.809"/>
</testsuite> <!-- com.test.GoogleTest -->
